<?xml version="1.0" encoding="UTF-8"?>
<testng-results skipped="0" failed="0" total="10" passed="10">
  <reporter-output>
    <line>
      <![CDATA[Started Local firefox...]]>
    </line>
    <line>
      <![CDATA[Launched URL and verified that title contains Stik.com...]]>
    </line>
    <line>
      <![CDATA[Closed Browser session...]]>
    </line>
  </reporter-output>
  <suite name="Stik Test" duration-ms="81012" started-at="2014-02-11T12:06:20Z" finished-at="2014-02-11T12:07:41Z">
    <groups>
    </groups>
    <test name="Professional page : Import using Gmail account TC_011" duration-ms="81012" started-at="2014-02-11T12:06:20Z" finished-at="2014-02-11T12:07:41Z">
      <class name="com.qait.automation.stik.test.TC_011">
        <test-method status="PASS" signature="beforeClass(java.lang.String)[pri:0, instance:com.qait.automation.stik.test.TC_011@61257dba]" name="beforeClass" is-config="true" duration-ms="100" started-at="2014-02-11T17:36:20Z" finished-at="2014-02-11T17:36:20Z">
          <params>
            <param index="0">
              <value>
                <![CDATA[]]>
              </value>
            </param>
          </params>
          <reporter-output>
          </reporter-output>
        </test-method> <!-- beforeClass -->
        <test-method status="PASS" signature="setup(java.lang.String)[pri:0, instance:com.qait.automation.stik.test.TC_011@61257dba]" name="setup" duration-ms="8271" started-at="2014-02-11T17:36:20Z" finished-at="2014-02-11T17:36:28Z">
          <params>
            <param index="0">
              <value>
                <![CDATA[]]>
              </value>
            </param>
          </params>
          <reporter-output>
            <line>
              <![CDATA[Started Local firefox...]]>
            </line>
          </reporter-output>
        </test-method> <!-- setup -->
        <test-method status="PASS" signature="A_launch_URL_Navgiate_to_Directory()[pri:0, instance:com.qait.automation.stik.test.TC_011@61257dba]" name="A_launch_URL_Navgiate_to_Directory" duration-ms="11741" started-at="2014-02-11T17:36:28Z" depends-on-methods="com.qait.automation.stik.test.TC_011.setup" finished-at="2014-02-11T17:36:40Z">
          <reporter-output>
            <line>
              <![CDATA[Launched URL and verified that title contains Stik.com...]]>
            </line>
          </reporter-output>
        </test-method> <!-- A_launch_URL_Navgiate_to_Directory -->
        <test-method status="PASS" signature="B_verify_DirectoryURL_BasicElements()[pri:0, instance:com.qait.automation.stik.test.TC_011@61257dba]" name="B_verify_DirectoryURL_BasicElements" duration-ms="257" started-at="2014-02-11T17:36:40Z" depends-on-methods="com.qait.automation.stik.test.TC_011.A_launch_URL_Navgiate_to_Directory" finished-at="2014-02-11T17:36:40Z">
          <reporter-output>
          </reporter-output>
        </test-method> <!-- B_verify_DirectoryURL_BasicElements -->
        <test-method status="PASS" signature="C_verify_InsuranceIndustriesList()[pri:0, instance:com.qait.automation.stik.test.TC_011@61257dba]" name="C_verify_InsuranceIndustriesList" duration-ms="11261" started-at="2014-02-11T17:36:40Z" depends-on-methods="com.qait.automation.stik.test.TC_011.B_verify_DirectoryURL_BasicElements" finished-at="2014-02-11T17:36:52Z">
          <reporter-output>
          </reporter-output>
        </test-method> <!-- C_verify_InsuranceIndustriesList -->
        <test-method status="PASS" signature="D_verify_RealtorsIndustriesList()[pri:0, instance:com.qait.automation.stik.test.TC_011@61257dba]" name="D_verify_RealtorsIndustriesList" duration-ms="10059" started-at="2014-02-11T17:36:52Z" depends-on-methods="com.qait.automation.stik.test.TC_011.C_verify_InsuranceIndustriesList" finished-at="2014-02-11T17:37:02Z">
          <reporter-output>
          </reporter-output>
        </test-method> <!-- D_verify_RealtorsIndustriesList -->
        <test-method status="PASS" signature="E_verify_AutoProfessionalIndustriesList()[pri:0, instance:com.qait.automation.stik.test.TC_011@61257dba]" name="E_verify_AutoProfessionalIndustriesList" duration-ms="8766" started-at="2014-02-11T17:37:02Z" depends-on-methods="com.qait.automation.stik.test.TC_011.D_verify_RealtorsIndustriesList" finished-at="2014-02-11T17:37:10Z">
          <reporter-output>
          </reporter-output>
        </test-method> <!-- E_verify_AutoProfessionalIndustriesList -->
        <test-method status="PASS" signature="F_verify_HomeContractorsIndustriesList()[pri:0, instance:com.qait.automation.stik.test.TC_011@61257dba]" name="F_verify_HomeContractorsIndustriesList" duration-ms="7429" started-at="2014-02-11T17:37:10Z" depends-on-methods="com.qait.automation.stik.test.TC_011.E_verify_AutoProfessionalIndustriesList" finished-at="2014-02-11T17:37:18Z">
          <reporter-output>
          </reporter-output>
        </test-method> <!-- F_verify_HomeContractorsIndustriesList -->
        <test-method status="PASS" signature="G_verify_HealthCareIndustriesList()[pri:0, instance:com.qait.automation.stik.test.TC_011@61257dba]" name="G_verify_HealthCareIndustriesList" duration-ms="8028" started-at="2014-02-11T17:37:18Z" depends-on-methods="com.qait.automation.stik.test.TC_011.F_verify_HomeContractorsIndustriesList" finished-at="2014-02-11T17:37:26Z">
          <reporter-output>
          </reporter-output>
        </test-method> <!-- G_verify_HealthCareIndustriesList -->
        <test-method status="PASS" signature="H_verify_ArtistsIndustriesList()[pri:0, instance:com.qait.automation.stik.test.TC_011@61257dba]" name="H_verify_ArtistsIndustriesList" duration-ms="8460" started-at="2014-02-11T17:37:26Z" depends-on-methods="com.qait.automation.stik.test.TC_011.G_verify_HealthCareIndustriesList" finished-at="2014-02-11T17:37:34Z">
          <reporter-output>
          </reporter-output>
        </test-method> <!-- H_verify_ArtistsIndustriesList -->
        <test-method status="PASS" signature="I_verify_OtherIndustriesList()[pri:0, instance:com.qait.automation.stik.test.TC_011@61257dba]" name="I_verify_OtherIndustriesList" duration-ms="6392" started-at="2014-02-11T17:37:34Z" depends-on-methods="com.qait.automation.stik.test.TC_011.H_verify_ArtistsIndustriesList" finished-at="2014-02-11T17:37:41Z">
          <reporter-output>
          </reporter-output>
        </test-method> <!-- I_verify_OtherIndustriesList -->
        <test-method status="PASS" signature="afterClass()[pri:0, instance:com.qait.automation.stik.test.TC_011@61257dba]" name="afterClass" is-config="true" duration-ms="234" started-at="2014-02-11T17:37:41Z" finished-at="2014-02-11T17:37:41Z">
          <reporter-output>
            <line>
              <![CDATA[Closed Browser session...]]>
            </line>
          </reporter-output>
        </test-method> <!-- afterClass -->
      </class> <!-- com.qait.automation.stik.test.TC_011 -->
    </test> <!-- Professional page : Import using Gmail account TC_011 -->
  </suite> <!-- Stik Test -->
</testng-results>
