<?xml version="1.0" encoding="UTF-8"?>
<!-- Generated by org.testng.reporters.JUnitXMLReporter -->
<testsuite hostname="HPDA0179" name="Combined Review Wizard without Stik session TC_003" tests="7" failures="0" timestamp="25 Oct 2013 07:44:48 GMT" time="0.0040" errors="0">
  <testcase name="@BeforeClass beforeClass" time="0.0" classname="com.qait.automation.stik.test.TC_003">
    <failure type="java.lang.NumberFormatException" message="For input string: &amp;quot;&amp;quot;">
      <![CDATA[java.lang.NumberFormatException: For input string: ""
	at java.lang.NumberFormatException.forInputString(Unknown Source)
	at java.lang.Integer.parseInt(Unknown Source)
	at java.lang.Integer.parseInt(Unknown Source)
	at com.qait.automation.stik.actionfixtures.BaseFixture.setUpDataFile(BaseFixture.java:223)
	at com.qait.automation.stik.test.TC_003.beforeClass(TC_003.java:22)
	at java.util.concurrent.FutureTask$Sync.innerRun(Unknown Source)
	at java.util.concurrent.FutureTask.run(Unknown Source)
	at java.util.concurrent.ThreadPoolExecutor$Worker.runTask(Unknown Source)
	at java.util.concurrent.ThreadPoolExecutor$Worker.run(Unknown Source)
	at java.lang.Thread.run(Unknown Source)
... Removed 16 stack frames]]>
    </failure>
  </testcase> <!-- @BeforeClass beforeClass -->
  <testcase name="@AfterClass afterClass" time="0.0" classname="com.qait.automation.stik.test.TC_003">
    <skipped/>
  </testcase> <!-- @AfterClass afterClass -->
  <testcase name="setup" time="0.0010" classname="com.qait.automation.stik.test.TC_003">
    <skipped/>
  </testcase> <!-- setup -->
  <testcase name="A_launch_URL_Navgiate_to_Stick_HomePage" time="0.0" classname="com.qait.automation.stik.test.TC_003">
    <skipped/>
  </testcase> <!-- A_launch_URL_Navgiate_to_Stick_HomePage -->
  <testcase name="B_Login_Using_FaceBook_Link_Given_On_Home_Page" time="0.0" classname="com.qait.automation.stik.test.TC_003">
    <skipped/>
  </testcase> <!-- B_Login_Using_FaceBook_Link_Given_On_Home_Page -->
  <testcase name="C_Send_Review_Thru_CombinedWizard_Without_Existing_Session" time="0.0" classname="com.qait.automation.stik.test.TC_003">
    <skipped/>
  </testcase> <!-- C_Send_Review_Thru_CombinedWizard_Without_Existing_Session -->
  <testcase name="D_Verify_Recommend_Professional_Workflow" time="0.0" classname="com.qait.automation.stik.test.TC_003">
    <skipped/>
  </testcase> <!-- D_Verify_Recommend_Professional_Workflow -->
  <testcase name="E_Verify_Review_Appears_On_Profile_Page" time="0.0" classname="com.qait.automation.stik.test.TC_003">
    <skipped/>
  </testcase> <!-- E_Verify_Review_Appears_On_Profile_Page -->
  <testcase name="tearDown" time="0.0" classname="com.qait.automation.stik.test.TC_003">
    <skipped/>
  </testcase> <!-- tearDown -->
</testsuite> <!-- Combined Review Wizard without Stik session TC_003 -->
