<?xml version="1.0" encoding="UTF-8"?>
<!-- Generated by org.testng.reporters.JUnitXMLReporter -->
<testsuite hostname="HPDA0179" name="Login through Facebook Account and Fill Information on Business Info Page TC_020" tests="9" failures="0" timestamp="25 Oct 2013 07:44:48 GMT" time="0.011" errors="0">
  <testcase name="@BeforeClass beforeClass" time="0.0" classname="com.qait.automation.stik.test.TC_020">
    <failure type="java.lang.NumberFormatException" message="For input string: &amp;quot;&amp;quot;">
      <![CDATA[java.lang.NumberFormatException: For input string: ""
	at java.lang.NumberFormatException.forInputString(Unknown Source)
	at java.lang.Integer.parseInt(Unknown Source)
	at java.lang.Integer.parseInt(Unknown Source)
	at com.qait.automation.stik.actionfixtures.BaseFixture.setUpDataFile(BaseFixture.java:223)
	at com.qait.automation.stik.test.TC_020.beforeClass(TC_020.java:21)
	at java.util.concurrent.FutureTask$Sync.innerRun(Unknown Source)
	at java.util.concurrent.FutureTask.run(Unknown Source)
	at java.util.concurrent.ThreadPoolExecutor$Worker.runTask(Unknown Source)
	at java.util.concurrent.ThreadPoolExecutor$Worker.run(Unknown Source)
	at java.lang.Thread.run(Unknown Source)
... Removed 16 stack frames]]>
    </failure>
  </testcase> <!-- @BeforeClass beforeClass -->
  <testcase name="@AfterClass afterClass" time="0.0" classname="com.qait.automation.stik.test.TC_020">
    <skipped/>
  </testcase> <!-- @AfterClass afterClass -->
  <testcase name="setup" time="0.0" classname="com.qait.automation.stik.test.TC_020">
    <skipped/>
  </testcase> <!-- setup -->
  <testcase name="A_launch_URL_Navgiate_to_Stick_HomePage" time="0.0" classname="com.qait.automation.stik.test.TC_020">
    <skipped/>
  </testcase> <!-- A_launch_URL_Navgiate_to_Stick_HomePage -->
  <testcase name="B_Login_Using_LinkedIn_Link_Given_On_Home_Page" time="0.0" classname="com.qait.automation.stik.test.TC_020">
    <skipped/>
  </testcase> <!-- B_Login_Using_LinkedIn_Link_Given_On_Home_Page -->
  <testcase name="C_Verify_First_Name_Is_Displayed_On_Home_Page_After_Signing_Into_App" time="0.0" classname="com.qait.automation.stik.test.TC_020">
    <skipped/>
  </testcase> <!-- C_Verify_First_Name_Is_Displayed_On_Home_Page_After_Signing_Into_App -->
  <testcase name="D_NavigateTo_Business_Info_Page" time="0.0010" classname="com.qait.automation.stik.test.TC_020">
    <skipped/>
  </testcase> <!-- D_NavigateTo_Business_Info_Page -->
  <testcase name="E_Check_PresenceOf_Business_Info_Fields" time="0.0" classname="com.qait.automation.stik.test.TC_020">
    <skipped/>
  </testcase> <!-- E_Check_PresenceOf_Business_Info_Fields -->
  <testcase name="F_Update_Information_On_Business_Info_Page" time="0.0" classname="com.qait.automation.stik.test.TC_020">
    <skipped/>
  </testcase> <!-- F_Update_Information_On_Business_Info_Page -->
  <testcase name="G_Verify_Updated_Info_On_Profile_Page" time="0.0" classname="com.qait.automation.stik.test.TC_020">
    <skipped/>
  </testcase> <!-- G_Verify_Updated_Info_On_Profile_Page -->
  <testcase name="H_signOut" time="0.0" classname="com.qait.automation.stik.test.TC_020">
    <skipped/>
  </testcase> <!-- H_signOut -->
</testsuite> <!-- Login through Facebook Account and Fill Information on Business Info Page TC_020 -->
