<?xml version="1.0" encoding="UTF-8"?>
<!-- Generated by org.testng.reporters.JUnitXMLReporter -->
<testsuite hostname="HPDA0179" name="Professional Sign Up process through LinkedIn using existing LinkedIn account on stik TC_025" tests="8" failures="0" timestamp="25 Oct 2013 07:44:48 GMT" time="0.012" errors="0">
  <testcase name="@BeforeClass beforeClass" time="0.0" classname="com.qait.automation.stik.test.TC_025">
    <failure type="java.lang.NumberFormatException" message="For input string: &amp;quot;&amp;quot;">
      <![CDATA[java.lang.NumberFormatException: For input string: ""
	at java.lang.NumberFormatException.forInputString(Unknown Source)
	at java.lang.Integer.parseInt(Unknown Source)
	at java.lang.Integer.parseInt(Unknown Source)
	at com.qait.automation.stik.actionfixtures.BaseFixture.setUpDataFile(BaseFixture.java:223)
	at com.qait.automation.stik.test.TC_025.beforeClass(TC_025.java:20)
	at java.util.concurrent.FutureTask$Sync.innerRun(Unknown Source)
	at java.util.concurrent.FutureTask.run(Unknown Source)
	at java.util.concurrent.ThreadPoolExecutor$Worker.runTask(Unknown Source)
	at java.util.concurrent.ThreadPoolExecutor$Worker.run(Unknown Source)
	at java.lang.Thread.run(Unknown Source)
... Removed 16 stack frames]]>
    </failure>
  </testcase> <!-- @BeforeClass beforeClass -->
  <testcase name="@AfterClass afterClass" time="0.0" classname="com.qait.automation.stik.test.TC_025">
    <skipped/>
  </testcase> <!-- @AfterClass afterClass -->
  <testcase name="setup" time="0.0" classname="com.qait.automation.stik.test.TC_025">
    <skipped/>
  </testcase> <!-- setup -->
  <testcase name="A_launch_URL_Navgiate_to_Stick_HomePage" time="0.0" classname="com.qait.automation.stik.test.TC_025">
    <skipped/>
  </testcase> <!-- A_launch_URL_Navgiate_to_Stick_HomePage -->
  <testcase name="B_Sign_Up_Using_With_LinkedIn_Using_Link_On_Professional_Sign_Up_Page" time="0.0" classname="com.qait.automation.stik.test.TC_025">
    <skipped/>
  </testcase> <!-- B_Sign_Up_Using_With_LinkedIn_Using_Link_On_Professional_Sign_Up_Page -->
  <testcase name="C_Navigate_To_Mail_Panel" time="0.0" classname="com.qait.automation.stik.test.TC_025">
    <skipped/>
  </testcase> <!-- C_Navigate_To_Mail_Panel -->
  <testcase name="D_Import_Email_Contact" time="0.0" classname="com.qait.automation.stik.test.TC_025">
    <skipped/>
  </testcase> <!-- D_Import_Email_Contact -->
  <testcase name="E_Click_Continue_And_Handle_Modal_Dailog_to_Send_Message" time="0.0" classname="com.qait.automation.stik.test.TC_025">
    <skipped/>
  </testcase> <!-- E_Click_Continue_And_Handle_Modal_Dailog_to_Send_Message -->
  <testcase name="F_Select_Industry_PhoneNumber_ZipCode_And_Click_Create_Profile" time="0.0" classname="com.qait.automation.stik.test.TC_025">
    <skipped/>
  </testcase> <!-- F_Select_Industry_PhoneNumber_ZipCode_And_Click_Create_Profile -->
  <testcase name="G_signOut" time="0.0" classname="com.qait.automation.stik.test.TC_025">
    <skipped/>
  </testcase> <!-- G_signOut -->
</testsuite> <!-- Professional Sign Up process through LinkedIn using existing LinkedIn account on stik TC_025 -->
