<?xml version="1.0" encoding="UTF-8"?>
<!-- Generated by org.testng.reporters.JUnitXMLReporter -->
<testsuite hostname="HPDA0179" name="Submission of Review on Profile Page with existing session TC_024" tests="10" failures="0" timestamp="25 Oct 2013 07:44:48 GMT" time="0.015" errors="0">
  <testcase name="@BeforeClass beforeClass" time="0.0" classname="com.qait.automation.stik.test.TC_024">
    <failure type="java.lang.NumberFormatException" message="For input string: &amp;quot;&amp;quot;">
      <![CDATA[java.lang.NumberFormatException: For input string: ""
	at java.lang.NumberFormatException.forInputString(Unknown Source)
	at java.lang.Integer.parseInt(Unknown Source)
	at java.lang.Integer.parseInt(Unknown Source)
	at com.qait.automation.stik.actionfixtures.BaseFixture.setUpDataFile(BaseFixture.java:223)
	at com.qait.automation.stik.test.TC_024.beforeClass(TC_024.java:20)
	at java.util.concurrent.FutureTask$Sync.innerRun(Unknown Source)
	at java.util.concurrent.FutureTask.run(Unknown Source)
	at java.util.concurrent.ThreadPoolExecutor$Worker.runTask(Unknown Source)
	at java.util.concurrent.ThreadPoolExecutor$Worker.run(Unknown Source)
	at java.lang.Thread.run(Unknown Source)
... Removed 16 stack frames]]>
    </failure>
  </testcase> <!-- @BeforeClass beforeClass -->
  <testcase name="@AfterClass afterClass" time="0.0" classname="com.qait.automation.stik.test.TC_024">
    <skipped/>
  </testcase> <!-- @AfterClass afterClass -->
  <testcase name="setup" time="0.0010" classname="com.qait.automation.stik.test.TC_024">
    <skipped/>
  </testcase> <!-- setup -->
  <testcase name="A_launch_URL_Navigate_to_Stick_HomePage" time="0.0" classname="com.qait.automation.stik.test.TC_024">
    <skipped/>
  </testcase> <!-- A_launch_URL_Navigate_to_Stick_HomePage -->
  <testcase name="B_Login_Using_FaceBook_Link_Given_On_Home_Page" time="0.0" classname="com.qait.automation.stik.test.TC_024">
    <skipped/>
  </testcase> <!-- B_Login_Using_FaceBook_Link_Given_On_Home_Page -->
  <testcase name="C_Navigate_To_Others_Profile_Page" time="0.0" classname="com.qait.automation.stik.test.TC_024">
    <skipped/>
  </testcase> <!-- C_Navigate_To_Others_Profile_Page -->
  <testcase name="D_Verify_Inline_Review_Tab_Appears_On_Profile_Page" time="0.0" classname="com.qait.automation.stik.test.TC_024">
    <skipped/>
  </testcase> <!-- D_Verify_Inline_Review_Tab_Appears_On_Profile_Page -->
  <testcase name="E_Give_Random_Rating_To_The_Professional_On_Profile_Page" time="0.0" classname="com.qait.automation.stik.test.TC_024">
    <skipped/>
  </testcase> <!-- E_Give_Random_Rating_To_The_Professional_On_Profile_Page -->
  <testcase name="F_Submit_Review_Text_On_Profile_Page" time="0.0" classname="com.qait.automation.stik.test.TC_024">
    <skipped/>
  </testcase> <!-- F_Submit_Review_Text_On_Profile_Page -->
  <testcase name="G_Check_For_ThankYou_Message_after_Successful_Submission_Of_Review" time="0.0" classname="com.qait.automation.stik.test.TC_024">
    <skipped/>
  </testcase> <!-- G_Check_For_ThankYou_Message_after_Successful_Submission_Of_Review -->
  <testcase name="H_Verify_Review_gets_Posted_By_Checking_Rating_and_ReviewText_From_Top_Most_Reviewer_On_Profile" time="0.0" classname="com.qait.automation.stik.test.TC_024">
    <skipped/>
  </testcase> <!-- H_Verify_Review_gets_Posted_By_Checking_Rating_and_ReviewText_From_Top_Most_Reviewer_On_Profile -->
  <testcase name="I_signOut" time="0.0" classname="com.qait.automation.stik.test.TC_024">
    <skipped/>
  </testcase> <!-- I_signOut -->
</testsuite> <!-- Submission of Review on Profile Page with existing session TC_024 -->
