<?xml version="1.0" encoding="UTF-8"?>
<!-- Generated by org.testng.reporters.JUnitXMLReporter -->
<testsuite hostname="HPDA0179" name="Submission of Review on Profile Page without existing session TC_023" tests="10" failures="0" timestamp="25 Oct 2013 07:44:48 GMT" time="0.013" errors="0">
  <testcase name="@BeforeClass beforeClass" time="0.0" classname="com.qait.automation.stik.test.TC_023">
    <failure type="java.lang.NumberFormatException" message="For input string: &amp;quot;&amp;quot;">
      <![CDATA[java.lang.NumberFormatException: For input string: ""
	at java.lang.NumberFormatException.forInputString(Unknown Source)
	at java.lang.Integer.parseInt(Unknown Source)
	at java.lang.Integer.parseInt(Unknown Source)
	at com.qait.automation.stik.actionfixtures.BaseFixture.setUpDataFile(BaseFixture.java:223)
	at com.qait.automation.stik.test.TC_023.beforeClass(TC_023.java:21)
	at java.util.concurrent.FutureTask$Sync.innerRun(Unknown Source)
	at java.util.concurrent.FutureTask.run(Unknown Source)
	at java.util.concurrent.ThreadPoolExecutor$Worker.runTask(Unknown Source)
	at java.util.concurrent.ThreadPoolExecutor$Worker.run(Unknown Source)
	at java.lang.Thread.run(Unknown Source)
... Removed 16 stack frames]]>
    </failure>
  </testcase> <!-- @BeforeClass beforeClass -->
  <testcase name="@AfterClass afterClass" time="0.0" classname="com.qait.automation.stik.test.TC_023">
    <skipped/>
  </testcase> <!-- @AfterClass afterClass -->
  <testcase name="setup" time="0.0" classname="com.qait.automation.stik.test.TC_023">
    <skipped/>
  </testcase> <!-- setup -->
  <testcase name="A_launch_URL_Navigate_to_Stick_HomePage" time="0.0" classname="com.qait.automation.stik.test.TC_023">
    <skipped/>
  </testcase> <!-- A_launch_URL_Navigate_to_Stick_HomePage -->
  <testcase name="B_Navigate_To_Others_Profile_Page" time="0.0" classname="com.qait.automation.stik.test.TC_023">
    <skipped/>
  </testcase> <!-- B_Navigate_To_Others_Profile_Page -->
  <testcase name="C_Verify_Inline_Review_Tab_Appears_On_Profile_Page" time="0.0" classname="com.qait.automation.stik.test.TC_023">
    <skipped/>
  </testcase> <!-- C_Verify_Inline_Review_Tab_Appears_On_Profile_Page -->
  <testcase name="D_Give_Random_Rating_To_The_Professional_On_Profile_Page" time="0.0" classname="com.qait.automation.stik.test.TC_023">
    <skipped/>
  </testcase> <!-- D_Give_Random_Rating_To_The_Professional_On_Profile_Page -->
  <testcase name="E_Submit_Review_Text_On_Profile_Page" time="0.0" classname="com.qait.automation.stik.test.TC_023">
    <skipped/>
  </testcase> <!-- E_Submit_Review_Text_On_Profile_Page -->
  <testcase name="F_Verify_Review_Using_Facebook_Credentials_Of_Reviewer" time="0.0" classname="com.qait.automation.stik.test.TC_023">
    <skipped/>
  </testcase> <!-- F_Verify_Review_Using_Facebook_Credentials_Of_Reviewer -->
  <testcase name="G_Check_For_ThankYou_Message_after_Successful_Submission_Of_Review" time="0.0" classname="com.qait.automation.stik.test.TC_023">
    <skipped/>
  </testcase> <!-- G_Check_For_ThankYou_Message_after_Successful_Submission_Of_Review -->
  <testcase name="H_Verify_Review_gets_Posted_By_Checking_Rating_and_ReviewText_From_Top_Most_Reviewer_On_Profile" time="0.0" classname="com.qait.automation.stik.test.TC_023">
    <skipped/>
  </testcase> <!-- H_Verify_Review_gets_Posted_By_Checking_Rating_and_ReviewText_From_Top_Most_Reviewer_On_Profile -->
  <testcase name="I_signOut" time="0.0" classname="com.qait.automation.stik.test.TC_023">
    <skipped/>
  </testcase> <!-- I_signOut -->
</testsuite> <!-- Submission of Review on Profile Page without existing session TC_023 -->
