<?xml version="1.0" encoding="UTF-8"?>
<!-- Generated by org.testng.reporters.JUnitXMLReporter -->
<testsuite hostname="HPDA0179" name="Verify that a Facebook tab can be successfully installed to a Page TC_018" tests="6" failures="0" timestamp="25 Oct 2013 07:44:48 GMT" time="0.0090" errors="0">
  <testcase name="@BeforeClass beforeClass" time="0.0" classname="com.qait.automation.stik.test.TC_018">
    <failure type="java.lang.NumberFormatException" message="For input string: &amp;quot;&amp;quot;">
      <![CDATA[java.lang.NumberFormatException: For input string: ""
	at java.lang.NumberFormatException.forInputString(Unknown Source)
	at java.lang.Integer.parseInt(Unknown Source)
	at java.lang.Integer.parseInt(Unknown Source)
	at com.qait.automation.stik.actionfixtures.BaseFixture.setUpDataFile(BaseFixture.java:223)
	at com.qait.automation.stik.test.TC_018.beforeClass(TC_018.java:20)
	at java.util.concurrent.FutureTask$Sync.innerRun(Unknown Source)
	at java.util.concurrent.FutureTask.run(Unknown Source)
	at java.util.concurrent.ThreadPoolExecutor$Worker.runTask(Unknown Source)
	at java.util.concurrent.ThreadPoolExecutor$Worker.run(Unknown Source)
	at java.lang.Thread.run(Unknown Source)
... Removed 16 stack frames]]>
    </failure>
  </testcase> <!-- @BeforeClass beforeClass -->
  <testcase name="@AfterClass afterClass" time="0.0" classname="com.qait.automation.stik.test.TC_018">
    <skipped/>
  </testcase> <!-- @AfterClass afterClass -->
  <testcase name="setup" time="0.0040" classname="com.qait.automation.stik.test.TC_018">
    <skipped/>
  </testcase> <!-- setup -->
  <testcase name="A_launch_URL_Navgiate_to_Stick_HomePage" time="0.0" classname="com.qait.automation.stik.test.TC_018">
    <skipped/>
  </testcase> <!-- A_launch_URL_Navgiate_to_Stick_HomePage -->
  <testcase name="B_Login_Using_FaceBook_Link_Given_On_Home_Page" time="0.0" classname="com.qait.automation.stik.test.TC_018">
    <skipped/>
  </testcase> <!-- B_Login_Using_FaceBook_Link_Given_On_Home_Page -->
  <testcase name="C_Select_On_Your_Facebook_Page_From_DropDown" time="0.0" classname="com.qait.automation.stik.test.TC_018">
    <skipped/>
  </testcase> <!-- C_Select_On_Your_Facebook_Page_From_DropDown -->
  <testcase name="D_Get_StartedOnFacebook_Page_And_Select_Facebook_Page" time="0.0010" classname="com.qait.automation.stik.test.TC_018">
    <skipped/>
  </testcase> <!-- D_Get_StartedOnFacebook_Page_And_Select_Facebook_Page -->
  <testcase name="E_signOut" time="0.0" classname="com.qait.automation.stik.test.TC_018">
    <skipped/>
  </testcase> <!-- E_signOut -->
</testsuite> <!-- Verify that a Facebook tab can be successfully installed to a Page TC_018 -->
