<?xml version="1.0" encoding="UTF-8"?>
<!-- Generated by org.testng.reporters.JUnitXMLReporter -->
<testsuite hostname="HPDA0179" name="Verify that the preview contains emails on ShowCase Email Page TC_016" tests="6" failures="0" timestamp="25 Oct 2013 07:44:48 GMT" time="0.025" errors="0">
  <testcase name="@BeforeClass beforeClass" time="0.0" classname="com.qait.automation.stik.test.TC_016">
    <failure type="java.lang.NumberFormatException" message="For input string: &amp;quot;&amp;quot;">
      <![CDATA[java.lang.NumberFormatException: For input string: ""
	at java.lang.NumberFormatException.forInputString(Unknown Source)
	at java.lang.Integer.parseInt(Unknown Source)
	at java.lang.Integer.parseInt(Unknown Source)
	at com.qait.automation.stik.actionfixtures.BaseFixture.setUpDataFile(BaseFixture.java:223)
	at com.qait.automation.stik.test.TC_016.beforeClass(TC_016.java:20)
	at java.util.concurrent.FutureTask$Sync.innerRun(Unknown Source)
	at java.util.concurrent.FutureTask.run(Unknown Source)
	at java.util.concurrent.ThreadPoolExecutor$Worker.runTask(Unknown Source)
	at java.util.concurrent.ThreadPoolExecutor$Worker.run(Unknown Source)
	at java.lang.Thread.run(Unknown Source)
... Removed 16 stack frames]]>
    </failure>
  </testcase> <!-- @BeforeClass beforeClass -->
  <testcase name="@AfterClass afterClass" time="0.0" classname="com.qait.automation.stik.test.TC_016">
    <skipped/>
  </testcase> <!-- @AfterClass afterClass -->
  <testcase name="setup" time="0.0" classname="com.qait.automation.stik.test.TC_016">
    <skipped/>
  </testcase> <!-- setup -->
  <testcase name="A_launch_URL_Navgiate_to_Stick_HomePage" time="0.0" classname="com.qait.automation.stik.test.TC_016">
    <skipped/>
  </testcase> <!-- A_launch_URL_Navgiate_to_Stick_HomePage -->
  <testcase name="B_Login_Using_FaceBook_Link_Given_On_Home_Page" time="0.0" classname="com.qait.automation.stik.test.TC_016">
    <skipped/>
  </testcase> <!-- B_Login_Using_FaceBook_Link_Given_On_Home_Page -->
  <testcase name="C_Select_In_Your_Email_From_DropDown_And_Get_Started" time="0.0" classname="com.qait.automation.stik.test.TC_016">
    <skipped/>
  </testcase> <!-- C_Select_In_Your_Email_From_DropDown_And_Get_Started -->
  <testcase name="D_Verify_Complete_Email_Preview_Content_After_Selecting_Reviews" time="0.0" classname="com.qait.automation.stik.test.TC_016">
    <skipped/>
  </testcase> <!-- D_Verify_Complete_Email_Preview_Content_After_Selecting_Reviews -->
  <testcase name="E_signOut" time="0.0" classname="com.qait.automation.stik.test.TC_016">
    <skipped/>
  </testcase> <!-- E_signOut -->
</testsuite> <!-- Verify that the preview contains emails on ShowCase Email Page TC_016 -->
