<?xml version="1.0" encoding="UTF-8"?>
<!-- Generated by org.testng.reporters.JUnitXMLReporter -->
<testsuite hostname="HPDA0179" name="Verify Home Page Header without existing session TC_009" tests="10" failures="0" timestamp="25 Oct 2013 07:44:48 GMT" time="0.013" errors="0">
  <testcase name="@BeforeClass beforeClass" time="0.0" classname="com.qait.automation.stik.test.TC_009">
    <failure type="java.lang.NumberFormatException" message="For input string: &amp;quot;&amp;quot;">
      <![CDATA[java.lang.NumberFormatException: For input string: ""
	at java.lang.NumberFormatException.forInputString(Unknown Source)
	at java.lang.Integer.parseInt(Unknown Source)
	at java.lang.Integer.parseInt(Unknown Source)
	at com.qait.automation.stik.actionfixtures.BaseFixture.setUpDataFile(BaseFixture.java:223)
	at com.qait.automation.stik.test.TC_009.beforeClass(TC_009.java:19)
	at java.util.concurrent.FutureTask$Sync.innerRun(Unknown Source)
	at java.util.concurrent.FutureTask.run(Unknown Source)
	at java.util.concurrent.ThreadPoolExecutor$Worker.runTask(Unknown Source)
	at java.util.concurrent.ThreadPoolExecutor$Worker.run(Unknown Source)
	at java.lang.Thread.run(Unknown Source)
... Removed 16 stack frames]]>
    </failure>
  </testcase> <!-- @BeforeClass beforeClass -->
  <testcase name="@AfterClass afterClass" time="0.0" classname="com.qait.automation.stik.test.TC_009">
    <skipped/>
  </testcase> <!-- @AfterClass afterClass -->
  <testcase name="setup" time="0.0" classname="com.qait.automation.stik.test.TC_009">
    <skipped/>
  </testcase> <!-- setup -->
  <testcase name="A_launch_URL_Navgiate_to_Stick_HomePage" time="0.0" classname="com.qait.automation.stik.test.TC_009">
    <skipped/>
  </testcase> <!-- A_launch_URL_Navgiate_to_Stick_HomePage -->
  <testcase name="B_verify_Title_On_Home_Page" time="0.0" classname="com.qait.automation.stik.test.TC_009">
    <skipped/>
  </testcase> <!-- B_verify_Title_On_Home_Page -->
  <testcase name="C_verify_Stik_Logo_Appears_On_Home_Page" time="0.0" classname="com.qait.automation.stik.test.TC_009">
    <skipped/>
  </testcase> <!-- C_verify_Stik_Logo_Appears_On_Home_Page -->
  <testcase name="D_verify_Showcase_Reviews_Appears_On_Home_Page" time="0.0" classname="com.qait.automation.stik.test.TC_009">
    <skipped/>
  </testcase> <!-- D_verify_Showcase_Reviews_Appears_On_Home_Page -->
  <testcase name="E_verify_How_It_Works_Appears_On_Home_Page" time="0.0" classname="com.qait.automation.stik.test.TC_009">
    <skipped/>
  </testcase> <!-- E_verify_How_It_Works_Appears_On_Home_Page -->
  <testcase name="F_verify_Pricing_Appears_On_Home_Page" time="0.0" classname="com.qait.automation.stik.test.TC_009">
    <skipped/>
  </testcase> <!-- F_verify_Pricing_Appears_On_Home_Page -->
  <testcase name="G_verify_Professional_Search_Appears_On_Home_Page" time="0.0" classname="com.qait.automation.stik.test.TC_009">
    <skipped/>
  </testcase> <!-- G_verify_Professional_Search_Appears_On_Home_Page -->
  <testcase name="H_verify_Login_link_Appears_On_Home_Page" time="0.0" classname="com.qait.automation.stik.test.TC_009">
    <skipped/>
  </testcase> <!-- H_verify_Login_link_Appears_On_Home_Page -->
  <testcase name="I_verify_Sign_Up_Link_Appears_On_Home_Page" time="0.0" classname="com.qait.automation.stik.test.TC_009">
    <skipped/>
  </testcase> <!-- I_verify_Sign_Up_Link_Appears_On_Home_Page -->
</testsuite> <!-- Verify Home Page Header without existing session TC_009 -->
