<?xml version="1.0" encoding="UTF-8"?>
<!-- Generated by org.testng.reporters.JUnitXMLReporter -->
<testsuite hostname="HPDA0179" name="Verify that appropriate hyperlink appears in accordance with selected Email Provider on Showcase Email page TC_026" tests="6" failures="0" timestamp="25 Oct 2013 07:44:48 GMT" time="0.013" errors="0">
  <testcase name="@BeforeClass beforeClass" time="0.0" classname="com.qait.automation.stik.test.TC_026">
    <failure type="java.lang.NumberFormatException" message="For input string: &amp;quot;&amp;quot;">
      <![CDATA[java.lang.NumberFormatException: For input string: ""
	at java.lang.NumberFormatException.forInputString(Unknown Source)
	at java.lang.Integer.parseInt(Unknown Source)
	at java.lang.Integer.parseInt(Unknown Source)
	at com.qait.automation.stik.actionfixtures.BaseFixture.setUpDataFile(BaseFixture.java:223)
	at com.qait.automation.stik.test.TC_026.beforeClass(TC_026.java:21)
	at java.util.concurrent.FutureTask$Sync.innerRun(Unknown Source)
	at java.util.concurrent.FutureTask.run(Unknown Source)
	at java.util.concurrent.ThreadPoolExecutor$Worker.runTask(Unknown Source)
	at java.util.concurrent.ThreadPoolExecutor$Worker.run(Unknown Source)
	at java.lang.Thread.run(Unknown Source)
... Removed 16 stack frames]]>
    </failure>
  </testcase> <!-- @BeforeClass beforeClass -->
  <testcase name="@AfterClass afterClass" time="0.0" classname="com.qait.automation.stik.test.TC_026">
    <skipped/>
  </testcase> <!-- @AfterClass afterClass -->
  <testcase name="setup" time="0.0010" classname="com.qait.automation.stik.test.TC_026">
    <skipped/>
  </testcase> <!-- setup -->
  <testcase name="A_launch_URL_Navgiate_to_Stick_HomePage" time="0.0" classname="com.qait.automation.stik.test.TC_026">
    <skipped/>
  </testcase> <!-- A_launch_URL_Navgiate_to_Stick_HomePage -->
  <testcase name="B_Login_Using_FaceBook_Link_Given_On_Home_Page" time="0.0" classname="com.qait.automation.stik.test.TC_026">
    <skipped/>
  </testcase> <!-- B_Login_Using_FaceBook_Link_Given_On_Home_Page -->
  <testcase name="C_Select_In_Your_Email_From_DropDown_And_Get_Started" time="0.0" classname="com.qait.automation.stik.test.TC_026">
    <skipped/>
  </testcase> <!-- C_Select_In_Your_Email_From_DropDown_And_Get_Started -->
  <testcase name="D_Check_Sync_Between_Step3_And_Step4" time="0.0" classname="com.qait.automation.stik.test.TC_026">
    <skipped/>
  </testcase> <!-- D_Check_Sync_Between_Step3_And_Step4 -->
  <testcase name="E_signOut" time="0.0" classname="com.qait.automation.stik.test.TC_026">
    <skipped/>
  </testcase> <!-- E_signOut -->
</testsuite> <!-- Verify that appropriate hyperlink appears in accordance with selected Email Provider on Showcase Email page TC_026 -->
