<?xml version="1.0" encoding="UTF-8"?>
<!-- Generated by org.testng.reporters.JUnitXMLReporter -->
<testsuite hostname="HPDA0179" name="Verify Home Page Footer without existing session on stik.com TC_010" tests="17" failures="0" timestamp="25 Oct 2013 07:44:48 GMT" time="0.033" errors="0">
  <testcase name="@BeforeClass beforeClass" time="0.0" classname="com.qait.automation.stik.test.TC_010">
    <failure type="java.lang.NumberFormatException" message="For input string: &amp;quot;&amp;quot;">
      <![CDATA[java.lang.NumberFormatException: For input string: ""
	at java.lang.NumberFormatException.forInputString(Unknown Source)
	at java.lang.Integer.parseInt(Unknown Source)
	at java.lang.Integer.parseInt(Unknown Source)
	at com.qait.automation.stik.actionfixtures.BaseFixture.setUpDataFile(BaseFixture.java:223)
	at com.qait.automation.stik.test.TC_010.beforeClass(TC_010.java:18)
	at java.util.concurrent.FutureTask$Sync.innerRun(Unknown Source)
	at java.util.concurrent.FutureTask.run(Unknown Source)
	at java.util.concurrent.ThreadPoolExecutor$Worker.runTask(Unknown Source)
	at java.util.concurrent.ThreadPoolExecutor$Worker.run(Unknown Source)
	at java.lang.Thread.run(Unknown Source)
... Removed 16 stack frames]]>
    </failure>
  </testcase> <!-- @BeforeClass beforeClass -->
  <testcase name="@AfterClass afterClass" time="0.0" classname="com.qait.automation.stik.test.TC_010">
    <skipped/>
  </testcase> <!-- @AfterClass afterClass -->
  <testcase name="setup" time="0.0050" classname="com.qait.automation.stik.test.TC_010">
    <skipped/>
  </testcase> <!-- setup -->
  <testcase name="A_launch_URL_Navgiate_to_Stick_HomePage" time="0.0" classname="com.qait.automation.stik.test.TC_010">
    <skipped/>
  </testcase> <!-- A_launch_URL_Navgiate_to_Stick_HomePage -->
  <testcase name="B_verify_Link_Meet_The_Team_Appears_On_Home_Page" time="0.0" classname="com.qait.automation.stik.test.TC_010">
    <skipped/>
  </testcase> <!-- B_verify_Link_Meet_The_Team_Appears_On_Home_Page -->
  <testcase name="C_verify_Link_Contact_Us_Appears_On_Home_Page" time="0.0" classname="com.qait.automation.stik.test.TC_010">
    <skipped/>
  </testcase> <!-- C_verify_Link_Contact_Us_Appears_On_Home_Page -->
  <testcase name="D_verify_Link_FAQ_Appears_On_Home_Page" time="0.0" classname="com.qait.automation.stik.test.TC_010">
    <skipped/>
  </testcase> <!-- D_verify_Link_FAQ_Appears_On_Home_Page -->
  <testcase name="E_verify_Link_Answers_Appears_On_Home_Page" time="0.0" classname="com.qait.automation.stik.test.TC_010">
    <skipped/>
  </testcase> <!-- E_verify_Link_Answers_Appears_On_Home_Page -->
  <testcase name="F_verify_Link_FindProfessionalInYourArea_Appears_On_Home_Page" time="0.0" classname="com.qait.automation.stik.test.TC_010">
    <skipped/>
  </testcase> <!-- F_verify_Link_FindProfessionalInYourArea_Appears_On_Home_Page -->
  <testcase name="G_verify_Link_RealEstate_Appears_On_Home_Page" time="0.0" classname="com.qait.automation.stik.test.TC_010">
    <skipped/>
  </testcase> <!-- G_verify_Link_RealEstate_Appears_On_Home_Page -->
  <testcase name="H_verify_Link_Mortgage_Appears_On_Home_Page" time="0.0" classname="com.qait.automation.stik.test.TC_010">
    <skipped/>
  </testcase> <!-- H_verify_Link_Mortgage_Appears_On_Home_Page -->
  <testcase name="I_verify_Link_Insurance_Appears_On_Home_Page" time="0.0" classname="com.qait.automation.stik.test.TC_010">
    <skipped/>
  </testcase> <!-- I_verify_Link_Insurance_Appears_On_Home_Page -->
  <testcase name="J_verify_Link_HealthAndWellness_Appears_On_Home_Page" time="0.0" classname="com.qait.automation.stik.test.TC_010">
    <skipped/>
  </testcase> <!-- J_verify_Link_HealthAndWellness_Appears_On_Home_Page -->
  <testcase name="K_verify_Link_Lawyers_Appears_On_Home_Page" time="0.0" classname="com.qait.automation.stik.test.TC_010">
    <skipped/>
  </testcase> <!-- K_verify_Link_Lawyers_Appears_On_Home_Page -->
  <testcase name="L_verify_Link_Financial_Planning_Appears_On_Home_Page" time="0.0" classname="com.qait.automation.stik.test.TC_010">
    <skipped/>
  </testcase> <!-- L_verify_Link_Financial_Planning_Appears_On_Home_Page -->
  <testcase name="M_verify_Link_Veterinarian_Appears_On_Home_Page" time="0.0" classname="com.qait.automation.stik.test.TC_010">
    <skipped/>
  </testcase> <!-- M_verify_Link_Veterinarian_Appears_On_Home_Page -->
  <testcase name="N_verify_Link_Photographers_Appears_On_Home_Page" time="0.0" classname="com.qait.automation.stik.test.TC_010">
    <skipped/>
  </testcase> <!-- N_verify_Link_Photographers_Appears_On_Home_Page -->
  <testcase name="O_verify_Link_Home_Services_Appears_On_Home_Page" time="0.0" classname="com.qait.automation.stik.test.TC_010">
    <skipped/>
  </testcase> <!-- O_verify_Link_Home_Services_Appears_On_Home_Page -->
  <testcase name="P_verify_Link_Login_At_Footer_Appears_On_Home_Page" time="0.0" classname="com.qait.automation.stik.test.TC_010">
    <skipped/>
  </testcase> <!-- P_verify_Link_Login_At_Footer_Appears_On_Home_Page -->
</testsuite> <!-- Verify Home Page Footer without existing session on stik.com TC_010 -->
