<?xml version="1.0" encoding="UTF-8"?>
<!-- Generated by org.testng.reporters.JUnitXMLReporter -->
<testsuite hostname="HPDA0179" name="Verify Search Functionality with existing session on knewdeal.com TC_013" tests="7" failures="0" timestamp="5 Sep 2013 11:58:21 GMT" time="0.026" errors="0">
  <testcase name="@BeforeClass beforeClass" time="0.0" classname="com.qait.automation.stik.test.TC_013">
    <failure type="java.lang.NumberFormatException" message="For input string: &amp;quot;&amp;quot;">
      <![CDATA[java.lang.NumberFormatException: For input string: ""
	at java.lang.NumberFormatException.forInputString(Unknown Source)
	at java.lang.Integer.parseInt(Unknown Source)
	at java.lang.Integer.parseInt(Unknown Source)
	at com.qait.automation.stik.actionfixtures.BaseFixture.setUpDataFile(BaseFixture.java:223)
	at com.qait.automation.stik.test.TC_013.beforeClass(TC_013.java:19)
	at java.util.concurrent.FutureTask$Sync.innerRun(Unknown Source)
	at java.util.concurrent.FutureTask.run(Unknown Source)
	at java.util.concurrent.ThreadPoolExecutor.runWorker(Unknown Source)
	at java.util.concurrent.ThreadPoolExecutor$Worker.run(Unknown Source)
	at java.lang.Thread.run(Unknown Source)
... Removed 16 stack frames]]>
    </failure>
  </testcase> <!-- @BeforeClass beforeClass -->
  <testcase name="@AfterClass afterClass" time="0.0" classname="com.qait.automation.stik.test.TC_013">
    <skipped/>
  </testcase> <!-- @AfterClass afterClass -->
  <testcase name="setup" time="0.011" classname="com.qait.automation.stik.test.TC_013">
    <skipped/>
  </testcase> <!-- setup -->
  <testcase name="A_launch_URL_Navgiate_to_Stick_HomePage" time="0.0" classname="com.qait.automation.stik.test.TC_013">
    <skipped/>
  </testcase> <!-- A_launch_URL_Navgiate_to_Stick_HomePage -->
  <testcase name="B_Login_Using_FaceBook_Link_Given_On_Home_Page" time="0.0" classname="com.qait.automation.stik.test.TC_013">
    <skipped/>
  </testcase> <!-- B_Login_Using_FaceBook_Link_Given_On_Home_Page -->
  <testcase name="C_Verify_First_Name_Is_Displayed_On_Home_Page_After_Signing_Into_App" time="0.001" classname="com.qait.automation.stik.test.TC_013">
    <skipped/>
  </testcase> <!-- C_Verify_First_Name_Is_Displayed_On_Home_Page_After_Signing_Into_App -->
  <testcase name="D_Perform_Search_With_Existing_Session" time="0.0" classname="com.qait.automation.stik.test.TC_013">
    <skipped/>
  </testcase> <!-- D_Perform_Search_With_Existing_Session -->
  <testcase name="E_Verify_Search_Results" time="0.0" classname="com.qait.automation.stik.test.TC_013">
    <skipped/>
  </testcase> <!-- E_Verify_Search_Results -->
  <testcase name="F_signOut" time="0.0" classname="com.qait.automation.stik.test.TC_013">
    <skipped/>
  </testcase> <!-- F_signOut -->
</testsuite> <!-- Verify Search Functionality with existing session on knewdeal.com TC_013 -->
