<?xml version="1.0" encoding="UTF-8"?>
<testng-results skipped="0" failed="0" total="1" passed="1">
  <reporter-output>
    <line>
      <![CDATA[Started Local firefox...]]>
    </line>
    <line>
      <![CDATA[Launched URL and verified that title contains Stik.com...]]>
    </line>
    <line>
      <![CDATA[Closed Browser session...]]>
    </line>
  </reporter-output>
  <suite name="com.qait.automation.stik.test.TestRunner" duration-ms="81278" started-at="2014-02-11T12:06:20Z" finished-at="2014-02-11T12:07:41Z">
    <groups>
    </groups>
    <test name="Command line test" duration-ms="81278" started-at="2014-02-11T12:06:20Z" finished-at="2014-02-11T12:07:41Z">
      <class name="com.qait.automation.stik.test.TestRunner">
        <test-method status="PASS" signature="Test()[pri:0, instance:com.qait.automation.stik.test.TestRunner@1e31bc4b]" name="Test" duration-ms="81269" started-at="2014-02-11T17:36:20Z" finished-at="2014-02-11T17:37:41Z">
          <reporter-output>
          </reporter-output>
        </test-method> <!-- Test -->
      </class> <!-- com.qait.automation.stik.test.TestRunner -->
    </test> <!-- Command line test -->
  </suite> <!-- com.qait.automation.stik.test.TestRunner -->
</testng-results>
