<?xml version="1.0" encoding="UTF-8"?>
<testng-results skipped="0" failed="0" total="1" passed="1">
  <reporter-output>
  </reporter-output>
  <suite name="com.qait.automation.stik.report.ResultsIT" duration-ms="9595" started-at="2014-02-11T12:07:45Z" finished-at="2014-02-11T12:07:54Z">
    <groups>
    </groups>
    <test name="Command line test" duration-ms="9595" started-at="2014-02-11T12:07:45Z" finished-at="2014-02-11T12:07:54Z">
      <class name="com.qait.automation.stik.report.ResultsIT">
        <test-method status="PASS" signature="setupMailConfig()[pri:0, instance:com.qait.automation.stik.report.ResultsIT@5b0f67d1]" name="setupMailConfig" is-config="true" duration-ms="8" started-at="2014-02-11T17:37:45Z" finished-at="2014-02-11T17:37:45Z">
          <reporter-output>
          </reporter-output>
        </test-method> <!-- setupMailConfig -->
        <test-method status="PASS" signature="sendResultsMail()[pri:0, instance:com.qait.automation.stik.report.ResultsIT@5b0f67d1]" name="sendResultsMail" duration-ms="9575" started-at="2014-02-11T17:37:45Z" finished-at="2014-02-11T17:37:54Z">
          <reporter-output>
          </reporter-output>
        </test-method> <!-- sendResultsMail -->
      </class> <!-- com.qait.automation.stik.report.ResultsIT -->
    </test> <!-- Command line test -->
  </suite> <!-- com.qait.automation.stik.report.ResultsIT -->
</testng-results>
