<?xml version="1.0" encoding="UTF-8"?>
<!-- Generated by org.testng.reporters.JUnitReportReporter -->
<testsuite hostname="HPDA0161" name="com.qait.automation.stik.test.TC_011" tests="10" failures="0" timestamp="11 Feb 2014 12:07:41 GMT" time="80.664" errors="0">
  <testcase name="C_verify_InsuranceIndustriesList" time="11.261" classname="com.qait.automation.stik.test.TC_011"/>
  <testcase name="H_verify_ArtistsIndustriesList" time="8.460" classname="com.qait.automation.stik.test.TC_011"/>
  <testcase name="A_launch_URL_Navgiate_to_Directory" time="11.741" classname="com.qait.automation.stik.test.TC_011"/>
  <testcase name="B_verify_DirectoryURL_BasicElements" time="0.257" classname="com.qait.automation.stik.test.TC_011"/>
  <testcase name="I_verify_OtherIndustriesList" time="6.392" classname="com.qait.automation.stik.test.TC_011"/>
  <testcase name="G_verify_HealthCareIndustriesList" time="8.028" classname="com.qait.automation.stik.test.TC_011"/>
  <testcase name="E_verify_AutoProfessionalIndustriesList" time="8.766" classname="com.qait.automation.stik.test.TC_011"/>
  <testcase name="setup" time="8.271" classname="com.qait.automation.stik.test.TC_011"/>
  <testcase name="F_verify_HomeContractorsIndustriesList" time="7.429" classname="com.qait.automation.stik.test.TC_011"/>
  <testcase name="D_verify_RealtorsIndustriesList" time="10.059" classname="com.qait.automation.stik.test.TC_011"/>
</testsuite> <!-- com.qait.automation.stik.test.TC_011 -->
